<?xml version="1.0" encoding="UTF-8"?>
<testsuite xmlns:xsi="http://www.w3.org/2001/XMLSchema-instance" xsi:noNamespaceSchemaLocation="https://maven.apache.org/surefire/maven-surefire-plugin/xsd/surefire-test-report-3.0.xsd" version="3.0" name="my.xpath.visitor.XPathASTBuilderTest" time="0.051" tests="9" errors="0" skipped="0" failures="0">
  <properties>
    <property name="java.specification.version" value="23"/>
    <property name="sun.jnu.encoding" value="UTF-8"/>
    <property name="java.class.path" value="/Users/tangsheng/Desktop/CourseWork/2025Winter/DBImpl/XMLDatabaseParser/target/test-classes:/Users/tangsheng/Desktop/CourseWork/2025Winter/DBImpl/XMLDatabaseParser/target/classes:/Users/tangsheng/.m2/repository/org/antlr/antlr4-runtime/4.13.2/antlr4-runtime-4.13.2.jar:/Users/tangsheng/.m2/repository/junit/junit/4.13.2/junit-4.13.2.jar:/Users/tangsheng/.m2/repository/org/hamcrest/hamcrest-core/1.3/hamcrest-core-1.3.jar:"/>
    <property name="java.vm.vendor" value="Homebrew"/>
    <property name="sun.arch.data.model" value="64"/>
    <property name="java.vendor.url" value="https://github.com/Homebrew/homebrew-core/issues"/>
    <property name="os.name" value="Mac OS X"/>
    <property name="java.vm.specification.version" value="23"/>
    <property name="sun.java.launcher" value="SUN_STANDARD"/>
    <property name="user.country" value="CN"/>
    <property name="sun.boot.library.path" value="/opt/homebrew/Cellar/openjdk/23.0.2/libexec/openjdk.jdk/Contents/Home/lib"/>
    <property name="sun.java.command" value="/Users/tangsheng/Desktop/CourseWork/2025Winter/DBImpl/XMLDatabaseParser/target/surefire/surefirebooter-20250130134259078_3.jar /Users/tangsheng/Desktop/CourseWork/2025Winter/DBImpl/XMLDatabaseParser/target/surefire 2025-01-30T13-42-59_044-jvmRun1 surefire-20250130134259078_1tmp surefire_0-20250130134259078_2tmp"/>
    <property name="jdk.debug" value="release"/>
    <property name="surefire.test.class.path" value="/Users/tangsheng/Desktop/CourseWork/2025Winter/DBImpl/XMLDatabaseParser/target/test-classes:/Users/tangsheng/Desktop/CourseWork/2025Winter/DBImpl/XMLDatabaseParser/target/classes:/Users/tangsheng/.m2/repository/org/antlr/antlr4-runtime/4.13.2/antlr4-runtime-4.13.2.jar:/Users/tangsheng/.m2/repository/junit/junit/4.13.2/junit-4.13.2.jar:/Users/tangsheng/.m2/repository/org/hamcrest/hamcrest-core/1.3/hamcrest-core-1.3.jar:"/>
    <property name="sun.cpu.endian" value="little"/>
    <property name="user.home" value="/Users/tangsheng"/>
    <property name="user.language" value="en"/>
    <property name="java.specification.vendor" value="Oracle Corporation"/>
    <property name="java.version.date" value="2025-01-21"/>
    <property name="java.home" value="/opt/homebrew/Cellar/openjdk/23.0.2/libexec/openjdk.jdk/Contents/Home"/>
    <property name="file.separator" value="/"/>
    <property name="basedir" value="/Users/tangsheng/Desktop/CourseWork/2025Winter/DBImpl/XMLDatabaseParser"/>
    <property name="java.vm.compressedOopsMode" value="Zero based"/>
    <property name="line.separator" value="&#10;"/>
    <property name="java.specification.name" value="Java Platform API Specification"/>
    <property name="java.vm.specification.vendor" value="Oracle Corporation"/>
    <property name="apple.awt.application.name" value="ForkedBooter"/>
    <property name="surefire.real.class.path" value="/Users/tangsheng/Desktop/CourseWork/2025Winter/DBImpl/XMLDatabaseParser/target/surefire/surefirebooter-20250130134259078_3.jar"/>
    <property name="sun.management.compiler" value="HotSpot 64-Bit Tiered Compilers"/>
    <property name="java.runtime.version" value="23.0.2"/>
    <property name="user.name" value="tangsheng"/>
    <property name="stdout.encoding" value="UTF-8"/>
    <property name="path.separator" value=":"/>
    <property name="os.version" value="15.1"/>
    <property name="java.runtime.name" value="OpenJDK Runtime Environment"/>
    <property name="file.encoding" value="UTF-8"/>
    <property name="java.vm.name" value="OpenJDK 64-Bit Server VM"/>
    <property name="java.vendor.version" value="Homebrew"/>
    <property name="localRepository" value="/Users/tangsheng/.m2/repository"/>
    <property name="java.vendor.url.bug" value="https://github.com/Homebrew/homebrew-core/issues"/>
    <property name="java.io.tmpdir" value="/var/folders/57/ynkklhbn1v7868r6jl26z3mh0000gn/T/"/>
    <property name="java.version" value="23.0.2"/>
    <property name="user.dir" value="/Users/tangsheng/Desktop/CourseWork/2025Winter/DBImpl/XMLDatabaseParser"/>
    <property name="os.arch" value="aarch64"/>
    <property name="java.vm.specification.name" value="Java Virtual Machine Specification"/>
    <property name="native.encoding" value="UTF-8"/>
    <property name="java.library.path" value="/Users/tangsheng/Library/Java/Extensions:/Library/Java/Extensions:/Network/Library/Java/Extensions:/System/Library/Java/Extensions:/usr/lib/java:."/>
    <property name="java.vm.info" value="mixed mode, sharing"/>
    <property name="stderr.encoding" value="UTF-8"/>
    <property name="java.vendor" value="Homebrew"/>
    <property name="java.vm.version" value="23.0.2"/>
    <property name="sun.io.unicode.encoding" value="UnicodeBig"/>
    <property name="java.class.version" value="67.0"/>
  </properties>
  <testcase name="testSimpleTagName" classname="my.xpath.visitor.XPathASTBuilderTest" time="0.021">
    <system-out><![CDATA[AST for doc("test.xml")/book:
AbsolutePath:
  File: test.xml
  Type: /
  TagName: book

]]></system-out>
  </testcase>
  <testcase name="testComplexQueries" classname="my.xpath.visitor.XPathASTBuilderTest" time="0.001">
    <system-out><![CDATA[
Testing XPath: doc("test.xml")//book[@id="1"]//author[text()]/.
AbsolutePath:
  File: test.xml
  Type: //
  Slash:
    Filter:
      DoubleSlash:
        Filter:
          TagName: book
        TagName: author
    Self (.)


Testing XPath: doc("test.xml")/bookstore/book[price and ./author]/title
AbsolutePath:
  File: test.xml
  Type: /
  Slash:
    Filter:
      Slash:
        TagName: bookstore
        TagName: book
    TagName: title


Testing XPath: doc("test.xml")//book[../bookstore/@type="fiction"]/author
AbsolutePath:
  File: test.xml
  Type: //
  Slash:
    Filter:
      TagName: book
    TagName: author

]]></system-out>
  </testcase>
  <testcase name="testFilters" classname="my.xpath.visitor.XPathASTBuilderTest" time="0.004">
    <system-out><![CDATA[
Testing XPath: doc("test.xml")/book[title]
AbsolutePath:
  File: test.xml
  Type: /
  Filter:
    TagName: book


Testing XPath: doc("test.xml")/book[price = text()]
AbsolutePath:
  File: test.xml
  Type: /
  Filter:
    TagName: book


Testing XPath: doc("test.xml")/book[price eq text()]
AbsolutePath:
  File: test.xml
  Type: /
  Filter:
    TagName: book


Testing XPath: doc("test.xml")/book[. == ..]
AbsolutePath:
  File: test.xml
  Type: /
  Filter:
    TagName: book


Testing XPath: doc("test.xml")/book[. is ..]
AbsolutePath:
  File: test.xml
  Type: /
  Filter:
    TagName: book


Testing XPath: doc("test.xml")/book[@id = "1"]
AbsolutePath:
  File: test.xml
  Type: /
  Filter:
    TagName: book


Testing XPath: doc("test.xml")/book[(price = text())]
AbsolutePath:
  File: test.xml
  Type: /
  Filter:
    TagName: book


Testing XPath: doc("test.xml")/book[price and title]
AbsolutePath:
  File: test.xml
  Type: /
  Filter:
    TagName: book


Testing XPath: doc("test.xml")/book[price or title]
AbsolutePath:
  File: test.xml
  Type: /
  Filter:
    TagName: book


Testing XPath: doc("test.xml")/book[not price]
AbsolutePath:
  File: test.xml
  Type: /
  Filter:
    TagName: book

]]></system-out>
  </testcase>
  <testcase name="testDoubleSlashPath" classname="my.xpath.visitor.XPathASTBuilderTest" time="0.001">
    <system-out><![CDATA[
AST for doc("test.xml")//book:
AbsolutePath:
  File: test.xml
  Type: //
  TagName: book

]]></system-out>
  </testcase>
  <testcase name="testComplexPath" classname="my.xpath.visitor.XPathASTBuilderTest" time="0.0">
    <system-out><![CDATA[
AST for doc("test.xml")/book/title:
AbsolutePath:
  File: test.xml
  Type: /
  Slash:
    TagName: book
    TagName: title

]]></system-out>
  </testcase>
  <testcase name="testComplexFilter" classname="my.xpath.visitor.XPathASTBuilderTest" time="0.0">
    <system-out><![CDATA[
AST for doc("test.xml")/book[title and @id="1"]:
AbsolutePath:
  File: test.xml
  Type: /
  Filter:
    TagName: book

]]></system-out>
  </testcase>
  <testcase name="testAttribute" classname="my.xpath.visitor.XPathASTBuilderTest" time="0.0">
    <system-out><![CDATA[
AST for doc("test.xml")/book/@id:
AbsolutePath:
  File: test.xml
  Type: /
  Slash:
    TagName: book
    Attribute: @id

]]></system-out>
  </testcase>
  <testcase name="testFilter" classname="my.xpath.visitor.XPathASTBuilderTest" time="0.0">
    <system-out><![CDATA[
AST for doc("test.xml")/book[@id="1"]:
AbsolutePath:
  File: test.xml
  Type: /
  Filter:
    TagName: book

]]></system-out>
  </testcase>
  <testcase name="testRelativePathOperations" classname="my.xpath.visitor.XPathASTBuilderTest" time="0.001">
    <system-out><![CDATA[
Testing XPath: doc("test.xml")/book/*
AbsolutePath:
  File: test.xml
  Type: /
  Slash:
    TagName: book
    Wildcard (*)


Testing XPath: doc("test.xml")/book/.
AbsolutePath:
  File: test.xml
  Type: /
  Slash:
    TagName: book
    Self (.)


Testing XPath: doc("test.xml")/book/..
AbsolutePath:
  File: test.xml
  Type: /
  Slash:
    TagName: book
    Parent (..)


Testing XPath: doc("test.xml")/book/text()
AbsolutePath:
  File: test.xml
  Type: /
  Slash:
    TagName: book


Testing XPath: doc("test.xml")/book/@id
AbsolutePath:
  File: test.xml
  Type: /
  Slash:
    TagName: book
    Attribute: @id


Testing XPath: doc("test.xml")/book/(title)
AbsolutePath:
  File: test.xml
  Type: /
  Slash:
    TagName: book


Testing XPath: doc("test.xml")/book/author
AbsolutePath:
  File: test.xml
  Type: /
  Slash:
    TagName: book
    TagName: author


Testing XPath: doc("test.xml")//book
AbsolutePath:
  File: test.xml
  Type: //
  TagName: book


Testing XPath: doc("test.xml")/book,author
AbsolutePath:
  File: test.xml
  Type: /

]]></system-out>
  </testcase>
</testsuite>